<?xml version="1.0" encoding="UTF-8" ?>
<testsuite failures="0" time="0.007" errors="0" skipped="0" tests="12" name="com.ctco.w4d4taskatayeva.StringProcessorTest">
  <properties>
    <property name="java.runtime.name" value="Java(TM) SE Runtime Environment"/>
    <property name="sun.boot.library.path" value="C:\devtools\Java\Java_x64\jdk1.7.0_13\jre\bin"/>
    <property name="java.vm.version" value="23.7-b01"/>
    <property name="user.country.format" value="LV"/>
    <property name="java.vm.vendor" value="Oracle Corporation"/>
    <property name="java.vendor.url" value="http://java.oracle.com/"/>
    <property name="path.separator" value=";"/>
    <property name="guice.disable.misplaced.annotation.check" value="true"/>
    <property name="java.vm.name" value="Java HotSpot(TM) 64-Bit Server VM"/>
    <property name="file.encoding.pkg" value="sun.io"/>
    <property name="idea.launcher.port" value="7554"/>
    <property name="user.script" value=""/>
    <property name="user.country" value="US"/>
    <property name="sun.java.launcher" value="SUN_STANDARD"/>
    <property name="sun.os.patch.level" value="Service Pack 1"/>
    <property name="java.vm.specification.name" value="Java Virtual Machine Specification"/>
    <property name="user.dir" value="C:\Users\Karina\Desktop\W4D4Task"/>
    <property name="java.runtime.version" value="1.7.0_13-b20"/>
    <property name="java.awt.graphicsenv" value="sun.awt.Win32GraphicsEnvironment"/>
    <property name="java.endorsed.dirs" value="C:\devtools\Java\Java_x64\jdk1.7.0_13\jre\lib\endorsed"/>
    <property name="os.arch" value="amd64"/>
    <property name="java.io.tmpdir" value="C:\Users\Karina\AppData\Local\Temp\"/>
    <property name="line.separator" value="
"/>
    <property name="java.vm.specification.vendor" value="Oracle Corporation"/>
    <property name="user.variant" value=""/>
    <property name="os.name" value="Windows 7"/>
    <property name="classworlds.conf" value="C:\devtools\apache-maven-3.1.0\bin\m2.conf"/>
    <property name="sun.jnu.encoding" value="Cp1251"/>
    <property name="java.library.path" value="C:\devtools\Java\Java_x64\jdk1.7.0_13\bin;C:\Windows\Sun\Java\bin;C:\Windows\system32;C:\Windows;C:\Program Files (x86)\JetBrains\IntelliJ IDEA Community Edition 12.1.4\bin\..\.\bin;C:\app\Administrator\product\11.2.0\dbhome_1\bin;C:\app\Administrator\product\11.2.0\dbhome_2\bin;C:\Program Files (x86)\Java\jdk1.7.0_04\bin;C:\devtools\Java\Java_x64\jdk1.7.0_13\bin;C:\app\Administrator\product\11.2.0\dbhome_1\bin;C:\app\Administrator\product\11.2.0\dbhome_2\bin;C:\Program Files (x86)\Java\jdk1.7.0_04\bin;C:\devtools\apache-maven-3.1.0\bin;C:\app\Administrator\product\11.2.0\dbhome_1\bin;C:\app\Administrator\product\11.2.0\dbhome_2\bin;C:\Program Files (x86)\Java\jdk1.7.0_04\bin;c:\program files (x86)\jetbrains\intellij idea community edition 12.1.4\jre\jre\bin;."/>
    <property name="java.specification.name" value="Java Platform API Specification"/>
    <property name="java.class.version" value="51.0"/>
    <property name="sun.management.compiler" value="HotSpot 64-Bit Tiered Compilers"/>
    <property name="os.version" value="6.1"/>
    <property name="user.home" value="C:\Users\Karina"/>
    <property name="user.timezone" value="Europe/Helsinki"/>
    <property name="java.awt.printerjob" value="sun.awt.windows.WPrinterJob"/>
    <property name="java.specification.version" value="1.7"/>
    <property name="idea.launcher.bin.path" value="C:\Program Files (x86)\JetBrains\IntelliJ IDEA Community Edition 12.1.4\bin"/>
    <property name="file.encoding" value="UTF-8"/>
    <property name="user.name" value="Karina"/>
    <property name="java.class.path" value="C:\devtools\apache-maven-3.1.0\boot\plexus-classworlds-2.4.2.jar;C:\Program Files (x86)\JetBrains\IntelliJ IDEA Community Edition 12.1.4\lib\idea_rt.jar"/>
    <property name="org.slf4j.simpleLogger.defaultLogLevel" value="info"/>
    <property name="java.vm.specification.version" value="1.7"/>
    <property name="sun.arch.data.model" value="64"/>
    <property name="java.home" value="C:\devtools\Java\Java_x64\jdk1.7.0_13\jre"/>
    <property name="sun.java.command" value="com.intellij.rt.execution.application.AppMain org.codehaus.classworlds.Launcher --fail-fast --strict-checksums test"/>
    <property name="java.specification.vendor" value="Oracle Corporation"/>
    <property name="user.language" value="en"/>
    <property name="user.language.format" value="lv"/>
    <property name="awt.toolkit" value="sun.awt.windows.WToolkit"/>
    <property name="java.vm.info" value="mixed mode"/>
    <property name="java.version" value="1.7.0_13"/>
    <property name="java.ext.dirs" value="C:\devtools\Java\Java_x64\jdk1.7.0_13\jre\lib\ext;C:\Windows\Sun\Java\lib\ext"/>
    <property name="sun.boot.class.path" value="C:\devtools\Java\Java_x64\jdk1.7.0_13\jre\lib\resources.jar;C:\devtools\Java\Java_x64\jdk1.7.0_13\jre\lib\rt.jar;C:\devtools\Java\Java_x64\jdk1.7.0_13\jre\lib\sunrsasign.jar;C:\devtools\Java\Java_x64\jdk1.7.0_13\jre\lib\jsse.jar;C:\devtools\Java\Java_x64\jdk1.7.0_13\jre\lib\jce.jar;C:\devtools\Java\Java_x64\jdk1.7.0_13\jre\lib\charsets.jar;C:\devtools\Java\Java_x64\jdk1.7.0_13\jre\lib\jfr.jar;C:\devtools\Java\Java_x64\jdk1.7.0_13\jre\classes"/>
    <property name="java.vendor" value="Oracle Corporation"/>
    <property name="maven.home" value="C:\devtools\apache-maven-3.1.0"/>
    <property name="file.separator" value="\"/>
    <property name="java.vendor.url.bug" value="http://bugreport.sun.com/bugreport/"/>
    <property name="sun.cpu.endian" value="little"/>
    <property name="sun.io.unicode.encoding" value="UnicodeLittle"/>
    <property name="sun.desktop" value="windows"/>
    <property name="sun.cpu.isalist" value="amd64"/>
  </properties>
  <testcase time="0.004" classname="com.ctco.w4d4taskatayeva.StringProcessorTest" name="shouldProcessLastElementInString"/>
  <testcase time="0" classname="com.ctco.w4d4taskatayeva.StringProcessorTest" name="shouldNotRemoveIfEvenNumberOfBackslashes"/>
  <testcase time="0" classname="com.ctco.w4d4taskatayeva.StringProcessorTest" name="shouldProcessFirstElementInString"/>
  <testcase time="0" classname="com.ctco.w4d4taskatayeva.StringProcessorTest" name="shouldRemoveIfOddNumberOfBackslashes"/>
  <testcase time="0" classname="com.ctco.w4d4taskatayeva.StringProcessorTest" name="shouldRemoveOneBackSlashAndNewLine"/>
  <testcase time="0" classname="com.ctco.w4d4taskatayeva.StringProcessorTest" name="shouldReturnBasicStringIfNoBackslash"/>
  <testcase time="0.001" classname="com.ctco.w4d4taskatayeva.StringProcessorTest" name="shouldRemoveTwoBackslashesAndNewLines"/>
  <testcase time="0" classname="com.ctco.w4d4taskatayeva.StringProcessorTest" name="shouldNotBeModifiedIfOnlyNewLineWithoutBackSlashAheadIsFound"/>
  <testcase time="0" classname="com.ctco.w4d4taskatayeva.StringProcessorTest" name="shouldNotBeModifiedIfOnlyBackSlashIsFoundAndNewLineNotFound"/>
  <testcase time="0.001" classname="com.ctco.w4d4taskatayeva.StringProcessorTest" name="shouldThrowNullPointerExceptionIfStringIsEmpty"/>
  <testcase time="0" classname="com.ctco.w4d4taskatayeva.StringProcessorTest" name="shouldNotRemoveIfNewLineIsBeforeBackslash"/>
  <testcase time="0.001" classname="com.ctco.w4d4taskatayeva.StringProcessorTest" name="shouldRemoveIfIsTheOnlyElementInList"/>
</testsuite>